<?xml version="1.0" encoding="UTF-8"?>
<!-- Generated by org.testng.reporters.JUnitReportReporter -->
<testsuite hostname="DESKTOP-REET03P" failures="0" tests="1" name="headlesstesting.BrokenLinks" time="58.023" errors="0" timestamp="2024-09-08T19:31:40 IST" skipped="0">
  <testcase classname="headlesstesting.BrokenLinks" name="broken" time="58.023"/>
</testsuite> <!-- headlesstesting.BrokenLinks -->
