<?xml version="1.0" encoding="UTF-8"?>
<!-- Generated by org.testng.reporters.JUnitReportReporter -->
<testsuite hostname="DESKTOP-REET03P" failures="0" tests="1" name="SleniumAll.CheckboxndRadio" time="39.000" errors="0" timestamp="2024-09-02T19:15:53 IST" skipped="0">
  <testcase classname="SleniumAll.CheckboxndRadio" name="pageopen" time="39.000"/>
</testsuite> <!-- SleniumAll.CheckboxndRadio -->
