<?xml version="1.0" encoding="UTF-8"?>
<!-- Generated by org.testng.reporters.JUnitReportReporter -->
<testsuite hostname="DESKTOP-REET03P" failures="0" tests="4" name="dropDown.DropDown" time="19.430" errors="0" timestamp="2024-09-03T18:20:26 IST" skipped="0">
  <testcase classname="dropDown.DropDown" name="openPage" time="5.784"/>
  <testcase classname="dropDown.DropDown" name="fromplace" time="4.623"/>
  <testcase classname="dropDown.DropDown" name="toplace" time="4.373"/>
  <testcase classname="dropDown.DropDown" name="dynamic" time="4.650"/>
</testsuite> <!-- dropDown.DropDown -->
