<?xml version="1.0" encoding="UTF-8"?>
<!-- Generated by org.testng.reporters.JUnitReportReporter -->
<testsuite hostname="DESKTOP-REET03P" failures="0" tests="1" name="Datepicker.DatePicker" time="13.525" errors="0" timestamp="2024-09-23T15:27:16 IST" skipped="0">
  <testcase classname="Datepicker.DatePicker" name="d" time="13.525"/>
</testsuite> <!-- Datepicker.DatePicker -->
