<?xml version="1.0" encoding="UTF-8"?>
<!-- Generated by org.testng.reporters.JUnitReportReporter -->
<testsuite hostname="DESKTOP-REET03P" failures="0" tests="2" name="screenshot.Screenshot" time="2.785" errors="0" timestamp="2024-09-12T15:29:21 IST" skipped="0">
  <testcase classname="screenshot.Screenshot" name="screenshot" time="2.096"/>
  <testcase classname="screenshot.Screenshot" name="screenshot" time="0.689"/>
</testsuite> <!-- screenshot.Screenshot -->
