<?xml version="1.0" encoding="UTF-8"?>
<!-- Generated by org.testng.reporters.JUnitReportReporter -->
<testsuite hostname="DESKTOP-REET03P" failures="0" tests="1" name="windows.WindowHandles" time="11.695" errors="0" timestamp="2024-09-04T11:23:00 IST" skipped="0">
  <testcase classname="windows.WindowHandles" name="window" time="11.695"/>
</testsuite> <!-- windows.WindowHandles -->
