<?xml version="1.0" encoding="UTF-8"?>
<!-- Generated by org.testng.reporters.JUnitReportReporter -->
<testsuite hostname="DESKTOP-REET03P" failures="0" tests="1" name="SleniumAll.DatePicker" time="10.332" errors="0" timestamp="2024-09-03T20:02:49 IST" skipped="0">
  <testcase classname="SleniumAll.DatePicker" name="d" time="10.332"/>
</testsuite> <!-- SleniumAll.DatePicker -->
