<?xml version="1.0" encoding="UTF-8"?>
<!-- Generated by org.testng.reporters.JUnitReportReporter -->
<testsuite hostname="DESKTOP-REET03P" failures="0" tests="1" name="webtables.WbTable" time="14.037" errors="0" timestamp="2024-10-04T12:12:45 IST" skipped="0">
  <testcase classname="webtables.WbTable" name="table" time="14.037"/>
</testsuite> <!-- webtables.WbTable -->
