<?xml version="1.0" encoding="UTF-8"?>
<!-- Generated by org.testng.reporters.JUnitReportReporter -->
<testsuite hostname="DESKTOP-REET03P" failures="0" tests="1" name="keyboardActions.Keyboard" time="12.206" errors="0" timestamp="2024-09-11T15:49:28 IST" skipped="0">
  <testcase classname="keyboardActions.Keyboard" name="window1" time="12.206"/>
</testsuite> <!-- keyboardActions.Keyboard -->
