<?xml version="1.0" encoding="UTF-8"?>
<!-- Generated by org.testng.reporters.JUnitReportReporter -->
<testsuite hostname="DESKTOP-REET03P" failures="0" tests="1" name="javaScriptExecutor.scrolling" time="7.431" errors="0" timestamp="2024-09-11T13:04:14 IST" skipped="0">
  <testcase classname="javaScriptExecutor.scrolling" name="scrollelement" time="7.431"/>
</testsuite> <!-- javaScriptExecutor.scrolling -->
