<?xml version="1.0" encoding="UTF-8"?>
<!-- Generated by org.testng.reporters.JUnitReportReporter -->
<testsuite hostname="DESKTOP-REET03P" failures="0" tests="5" name="SleniumAll.LogindLogo" time="14.070" errors="0" timestamp="2024-09-03T16:59:24 IST" skipped="0">
  <testcase classname="SleniumAll.LogindLogo" name="openPage" time="5.407"/>
  <testcase classname="SleniumAll.LogindLogo" name="displayLogo" time="0.447"/>
  <testcase classname="SleniumAll.LogindLogo" name="pageLogin" time="1.642"/>
  <testcase classname="SleniumAll.LogindLogo" name="pageLogout" time="6.352"/>
  <testcase classname="SleniumAll.LogindLogo" name="pageClose" time="0.222"/>
</testsuite> <!-- SleniumAll.LogindLogo -->
