<?xml version="1.0" encoding="UTF-8"?>
<!-- Generated by org.testng.reporters.JUnitReportReporter -->
<testsuite hostname="DESKTOP-REET03P" failures="0" tests="1" name="javaScriptExecutor.zoominout" time="9.543" errors="0" timestamp="2024-09-11T13:04:14 IST" skipped="0">
  <testcase classname="javaScriptExecutor.zoominout" name="zoom" time="9.543"/>
</testsuite> <!-- javaScriptExecutor.zoominout -->
