<?xml version="1.0" encoding="UTF-8"?>
<!-- Generated by org.testng.reporters.JUnitReportReporter -->
<testsuite hostname="DESKTOP-REET03P" failures="0" tests="1" name="SleniumAll.Alerts" time="32.435" errors="0" timestamp="2024-09-02T20:50:39 IST" skipped="0">
  <testcase classname="SleniumAll.Alerts" name="alert" time="32.435"/>
</testsuite> <!-- SleniumAll.Alerts -->
