<?xml version="1.0" encoding="UTF-8"?>
<!-- Generated by org.testng.reporters.JUnitReportReporter -->
<testsuite hostname="DESKTOP-REET03P" failures="0" tests="1" name="Freames.iFrame" time="9.613" errors="0" timestamp="2024-09-11T15:18:41 IST" skipped="0">
  <testcase classname="Freames.iFrame" name="frames" time="9.613"/>
</testsuite> <!-- Freames.iFrame -->
